<?xml version="1.0" encoding="UTF-8"?>
<testng-results ignored="0" total="1" passed="0" failed="0" skipped="1">
  <reporter-output>
  </reporter-output>
  <suite started-at="2022-06-22T22:40:24Z" name="Suite" finished-at="2022-06-22T22:40:25Z" duration-ms="1454">
    <groups>
    </groups>
    <test started-at="2022-06-22T22:40:24Z" name="test.AddToCartTest" finished-at="2022-06-22T22:40:25Z" duration-ms="1454">
      <class name="test.AddToCartTest">
        <test-method is-config="true" signature="profileSetUp()[pri:0, instance:test.AddToCartTest@4a9e6faf]" started-at="2022-06-22T22:40:24Z" name="profileSetUp" finished-at="2022-06-22T22:40:25Z" duration-ms="1378" status="PASS">
          <reporter-output>
          </reporter-output>
        </test-method> <!-- profileSetUp -->
        <test-method signature="verifyThatCartContainsBillThatIsLessThanSpecifiedSum(java.lang.String, java.lang.String, int)[pri:0, instance:test.AddToCartTest@4a9e6faf]" started-at="2022-06-22T22:40:25Z" name="verifyThatCartContainsBillThatIsLessThanSpecifiedSum" data-provider="useFilterData" finished-at="2022-06-22T22:40:25Z" duration-ms="0" status="SKIP">
          <exception class="java.lang.RuntimeException">
            <message>
              <![CDATA[javax.xml.bind.JAXBException: Implementation of JAXB-API has not been found on module path or classpath.
 - with linked exception:
[java.lang.ClassNotFoundException: com.sun.xml.bind.v2.ContextFactory]]]>
            </message>
            <full-stacktrace>
              <![CDATA[java.lang.RuntimeException: javax.xml.bind.JAXBException: Implementation of JAXB-API has not been found on module path or classpath.
 - with linked exception:
[java.lang.ClassNotFoundException: com.sun.xml.bind.v2.ContextFactory]
at org.testng.internal.MethodInvocationHelper.invokeMethodNoCheckedException(MethodInvocationHelper.java:49)
at org.testng.internal.MethodInvocationHelper.invokeDataProvider(MethodInvocationHelper.java:131)
at org.testng.internal.Parameters.handleParameters(Parameters.java:706)
at org.testng.internal.ParameterHandler.handleParameters(ParameterHandler.java:49)
at org.testng.internal.ParameterHandler.createParameters(ParameterHandler.java:37)
at org.testng.internal.Invoker.invokeTestMethods(Invoker.java:924)
at org.testng.internal.TestMethodWorker.invokeTestMethods(TestMethodWorker.java:125)
at org.testng.internal.TestMethodWorker.run(TestMethodWorker.java:109)
at org.testng.TestRunner.privateRun(TestRunner.java:648)
at org.testng.TestRunner.run(TestRunner.java:505)
at org.testng.SuiteRunner.runTest(SuiteRunner.java:455)
at org.testng.SuiteRunner.access$000(SuiteRunner.java:40)
at org.testng.SuiteRunner$SuiteWorker.run(SuiteRunner.java:489)
at org.testng.internal.thread.ThreadUtil$1.call(ThreadUtil.java:52)
at java.base/java.util.concurrent.FutureTask.run(FutureTask.java:264)
at java.base/java.util.concurrent.ThreadPoolExecutor.runWorker(ThreadPoolExecutor.java:1128)
at java.base/java.util.concurrent.ThreadPoolExecutor$Worker.run(ThreadPoolExecutor.java:628)
at java.base/java.lang.Thread.run(Thread.java:834)
Caused by: javax.xml.bind.JAXBException: Implementation of JAXB-API has not been found on module path or classpath.
 - with linked exception:
[java.lang.ClassNotFoundException: com.sun.xml.bind.v2.ContextFactory]
at javax.xml.bind.ContextFinder.newInstance(ContextFinder.java:269)
at javax.xml.bind.ContextFinder.find(ContextFinder.java:412)
at javax.xml.bind.JAXBContext.newInstance(JAXBContext.java:721)
at javax.xml.bind.JAXBContext.newInstance(JAXBContext.java:662)
at test.BaseTest.useFilterData(BaseTest.java:69)
at java.base/jdk.internal.reflect.NativeMethodAccessorImpl.invoke0(Native Method)
at java.base/jdk.internal.reflect.NativeMethodAccessorImpl.invoke(NativeMethodAccessorImpl.java:62)
at java.base/jdk.internal.reflect.DelegatingMethodAccessorImpl.invoke(DelegatingMethodAccessorImpl.java:43)
at java.base/java.lang.reflect.Method.invoke(Method.java:566)
at org.testng.internal.MethodInvocationHelper.invokeMethod(MethodInvocationHelper.java:124)
at org.testng.internal.MethodInvocationHelper.invokeMethod(MethodInvocationHelper.java:74)
at org.testng.internal.MethodInvocationHelper.invokeMethodNoCheckedException(MethodInvocationHelper.java:45)
... 17 more
Caused by: java.lang.ClassNotFoundException: com.sun.xml.bind.v2.ContextFactory
at java.base/jdk.internal.loader.BuiltinClassLoader.loadClass(BuiltinClassLoader.java:581)
at java.base/jdk.internal.loader.ClassLoaders$AppClassLoader.loadClass(ClassLoaders.java:178)
at java.base/java.lang.ClassLoader.loadClass(ClassLoader.java:521)
at javax.xml.bind.ServiceLoaderUtil.nullSafeLoadClass(ServiceLoaderUtil.java:122)
at javax.xml.bind.ServiceLoaderUtil.safeLoadClass(ServiceLoaderUtil.java:155)
at javax.xml.bind.ContextFinder.newInstance(ContextFinder.java:267)
... 28 more
]]>
            </full-stacktrace>
          </exception> <!-- java.lang.RuntimeException -->
          <reporter-output>
          </reporter-output>
        </test-method> <!-- verifyThatCartContainsBillThatIsLessThanSpecifiedSum -->
      </class> <!-- test.AddToCartTest -->
    </test> <!-- test.AddToCartTest -->
  </suite> <!-- Suite -->
</testng-results>
